<?xml version="1.0" encoding="UTF-8"?>
<!-- Generated by org.testng.reporters.JUnitXMLReporter -->
<testsuite ignored="0" hostname="SHP" failures="0" tests="2" name="parameterTest" time="0.085" errors="0" timestamp="2021-12-11T18:05:13 IST">
  <testcase classname="com.shubha.Parameterizecode" name="@BeforeClass setup" time="-1.639226113596E9">
    <failure type="org.testng.TestNGException" message="
Parameter &amp;apos;browser&amp;apos; is required by BeforeClass on method setup but has not been marked @Optional or defined
in C:\Users\Shubh\eclipse-workspace\My1stMavenProject\testng.xml">
      <![CDATA[org.testng.TestNGException: 
Parameter 'browser' is required by BeforeClass on method setup but has not been marked @Optional or defined
in C:\Users\Shubh\eclipse-workspace\My1stMavenProject\testng.xml
at java.base/java.util.ArrayList.forEach(ArrayList.java:1541)
... Removed 22 stack frames]]>
    </failure>
  </testcase> <!-- @BeforeClass setup -->
  <testcase classname="com.shubha.Parameterizecode" name="@AfterClass tearDown" time="-1.639226113648E9">
    <skipped/>
  </testcase> <!-- @AfterClass tearDown -->
  <testcase classname="com.shubha.Parameterizecode" name="logoTest" time="0.0">
    <skipped/>
  </testcase> <!-- logoTest -->
  <testcase classname="com.shubha.Parameterizecode" name="homepageTiltle" time="0.0">
    <skipped/>
  </testcase> <!-- homepageTiltle -->
</testsuite> <!-- parameterTest -->
